[debug] [2017-11-21T15:02:54.126Z] ----------------------------------------------------------------------
[debug] [2017-11-21T15:02:54.129Z] Command:       /usr/local/Cellar/node/8.7.0/bin/node /usr/local/bin/firebase serve --only functions
[debug] [2017-11-21T15:02:54.129Z] CLI Version:   3.15.0
[debug] [2017-11-21T15:02:54.129Z] Platform:      darwin
[debug] [2017-11-21T15:02:54.129Z] Node Version:  v8.7.0
[debug] [2017-11-21T15:02:54.129Z] Time:          Tue Nov 21 2017 15:02:54 GMT+0000 (GMT)
[debug] [2017-11-21T15:02:54.129Z] ----------------------------------------------------------------------
[debug] 
[debug] [2017-11-21T15:02:54.141Z] > command requires scopes: ["email","openid","https://www.googleapis.com/auth/cloudplatformprojects.readonly","https://www.googleapis.com/auth/firebase","https://www.googleapis.com/auth/cloud-platform"]
[debug] [2017-11-21T15:02:54.141Z] > authorizing via signed-in user
[debug] [2017-11-21T15:02:54.143Z] >>> HTTP REQUEST GET https://admin.firebase.com/v1/projects/finaljs-c5415  
 Tue Nov 21 2017 15:02:54 GMT+0000 (GMT)
[debug] [2017-11-21T15:02:54.918Z] <<< HTTP RESPONSE 200
[debug] [2017-11-21T15:02:54.918Z] >>> HTTP REQUEST GET https://admin.firebase.com/v1/database/finaljs-c5415/tokens  
 Tue Nov 21 2017 15:02:54 GMT+0000 (GMT)
[debug] [2017-11-21T15:02:55.557Z] <<< HTTP RESPONSE 200
[info] 
[info] === Serving from '/Users/jontaylor/Sites/cmefly'...
[info] 
[info] i  functions: Preparing to emulate functions.
[debug] [2017-11-21T15:02:56.236Z] >>> HTTP REQUEST GET https://appengine.googleapis.com/v1/apps/finaljs-c5415  
 Tue Nov 21 2017 15:02:56 GMT+0000 (GMT)
[debug] [2017-11-21T15:02:56.237Z] >>> HTTP REQUEST GET https://apikeys.googleapis.com/v1/projects/finaljs-c5415/apiKeys  
 Tue Nov 21 2017 15:02:56 GMT+0000 (GMT)
[debug] [2017-11-21T15:02:57.000Z] <<< HTTP RESPONSE 200
[debug] [2017-11-21T15:02:57.035Z] <<< HTTP RESPONSE 200
[info] ✔  functions: GetFlightDetails: http://localhost:5000/finaljs-c5415/us-central1/GetFlightDetails
[info] ✔  functions: ShareFlight: http://localhost:5000/finaljs-c5415/us-central1/ShareFlight
